2018-01-28 13:40:11.501  INFO Danny --- [  restartedMain] c.r.S.ScrumHubApplication                : Starting ScrumHubApplication on Danny with PID 7944 (C:\Users\Daniel\my_git_repos\1712_dec11th_java_steve\Project2\scrumhub\target\classes started by Daniel in C:\Users\Daniel\my_git_repos\1712_dec11th_java_steve\Project2\scrumhub)
2018-01-28 13:40:11.501  INFO Danny --- [  restartedMain] c.r.S.ScrumHubApplication                : No active profile set, falling back to default profiles: default
2018-01-28 13:40:11.548  INFO Danny --- [  restartedMain] ationConfigEmbeddedWebApplicationContext : Refreshing org.springframework.boot.context.embedded.AnnotationConfigEmbeddedWebApplicationContext@678e2712: startup date [Sun Jan 28 13:40:11 GMT-05:00 2018]; root of context hierarchy
2018-01-28 13:40:11.673  INFO Danny --- [kground-preinit] o.h.v.i.u.Version                        : HV000001: Hibernate Validator 5.3.6.Final
2018-01-28 13:40:13.387  INFO Danny --- [  restartedMain] s.b.c.e.t.TomcatEmbeddedServletContainer : Tomcat initialized with port(s): 8090 (http)
2018-01-28 13:40:13.402  INFO Danny --- [  restartedMain] o.a.c.c.StandardService                  : Starting service [Tomcat]
2018-01-28 13:40:13.402  INFO Danny --- [  restartedMain] o.a.c.c.StandardEngine                   : Starting Servlet Engine: Apache Tomcat/8.5.23
2018-01-28 13:40:13.496  INFO Danny --- [ost-startStop-1] o.a.c.c.C.[.[.[/scrumhub/api]            : Initializing Spring embedded WebApplicationContext
2018-01-28 13:40:13.496  INFO Danny --- [ost-startStop-1] o.s.w.c.ContextLoader                    : Root WebApplicationContext: initialization completed in 1948 ms
2018-01-28 13:40:13.746  INFO Danny --- [ost-startStop-1] o.s.b.w.s.ServletRegistrationBean        : Mapping servlet: 'dispatcherServlet' to [/]
2018-01-28 13:40:13.746  INFO Danny --- [ost-startStop-1] o.s.b.w.s.FilterRegistrationBean         : Mapping filter: 'metricsFilter' to: [/*]
2018-01-28 13:40:13.746  INFO Danny --- [ost-startStop-1] o.s.b.w.s.FilterRegistrationBean         : Mapping filter: 'characterEncodingFilter' to: [/*]
2018-01-28 13:40:13.746  INFO Danny --- [ost-startStop-1] o.s.b.w.s.FilterRegistrationBean         : Mapping filter: 'hiddenHttpMethodFilter' to: [/*]
2018-01-28 13:40:13.746  INFO Danny --- [ost-startStop-1] o.s.b.w.s.FilterRegistrationBean         : Mapping filter: 'httpPutFormContentFilter' to: [/*]
2018-01-28 13:40:13.746  INFO Danny --- [ost-startStop-1] o.s.b.w.s.FilterRegistrationBean         : Mapping filter: 'requestContextFilter' to: [/*]
2018-01-28 13:40:13.746  INFO Danny --- [ost-startStop-1] o.s.b.w.s.FilterRegistrationBean         : Mapping filter: 'webRequestLoggingFilter' to: [/*]
2018-01-28 13:40:13.746  INFO Danny --- [ost-startStop-1] o.s.b.w.s.FilterRegistrationBean         : Mapping filter: 'applicationContextIdFilter' to: [/*]
2018-01-28 13:40:14.012  INFO Danny --- [  restartedMain] j.LocalContainerEntityManagerFactoryBean : Building JPA container EntityManagerFactory for persistence unit 'default'
2018-01-28 13:40:14.012  INFO Danny --- [  restartedMain] o.h.j.i.u.LogHelper                      : HHH000204: Processing PersistenceUnitInfo [
	name: default
	...]
2018-01-28 13:40:14.074  INFO Danny --- [  restartedMain] o.h.Version                              : HHH000412: Hibernate Core {5.0.12.Final}
2018-01-28 13:40:14.074  INFO Danny --- [  restartedMain] o.h.c.Environment                        : HHH000206: hibernate.properties not found
2018-01-28 13:40:14.074  INFO Danny --- [  restartedMain] o.h.c.Environment                        : HHH000021: Bytecode provider name : javassist
2018-01-28 13:40:14.106  INFO Danny --- [  restartedMain] o.h.a.c.Version                          : HCANN000001: Hibernate Commons Annotations {5.0.1.Final}
2018-01-28 13:40:19.595  INFO Danny --- [  restartedMain] o.h.d.Dialect                            : HHH000400: Using dialect: org.hibernate.dialect.Oracle10gDialect
2018-01-28 13:40:20.288  WARN Danny --- [  restartedMain] o.h.o.deprecation                        : HHH90000014: Found use of deprecated [org.hibernate.id.SequenceHiLoGenerator] sequence-based id generator; use org.hibernate.id.enhanced.SequenceStyleGenerator instead.  See Hibernate Domain Model Mapping Guide for details.
2018-01-28 13:40:20.290  WARN Danny --- [  restartedMain] o.h.o.deprecation                        : HHH90000014: Found use of deprecated [org.hibernate.id.SequenceHiLoGenerator] sequence-based id generator; use org.hibernate.id.enhanced.SequenceStyleGenerator instead.  See Hibernate Domain Model Mapping Guide for details.
2018-01-28 13:40:20.291  WARN Danny --- [  restartedMain] o.h.o.deprecation                        : HHH90000014: Found use of deprecated [org.hibernate.id.SequenceHiLoGenerator] sequence-based id generator; use org.hibernate.id.enhanced.SequenceStyleGenerator instead.  See Hibernate Domain Model Mapping Guide for details.
2018-01-28 13:40:20.296  WARN Danny --- [  restartedMain] o.h.o.deprecation                        : HHH90000014: Found use of deprecated [org.hibernate.id.SequenceHiLoGenerator] sequence-based id generator; use org.hibernate.id.enhanced.SequenceStyleGenerator instead.  See Hibernate Domain Model Mapping Guide for details.
2018-01-28 13:40:20.296  WARN Danny --- [  restartedMain] o.h.o.deprecation                        : HHH90000014: Found use of deprecated [org.hibernate.id.SequenceHiLoGenerator] sequence-based id generator; use org.hibernate.id.enhanced.SequenceStyleGenerator instead.  See Hibernate Domain Model Mapping Guide for details.
2018-01-28 13:40:20.296  WARN Danny --- [  restartedMain] o.h.o.deprecation                        : HHH90000014: Found use of deprecated [org.hibernate.id.SequenceHiLoGenerator] sequence-based id generator; use org.hibernate.id.enhanced.SequenceStyleGenerator instead.  See Hibernate Domain Model Mapping Guide for details.
2018-01-28 13:40:20.317  WARN Danny --- [  restartedMain] o.h.m.RootClass                          : HHH000038: Composite-id class does not override equals(): com.revature.ScrumHub.bean.BoardMemberId
2018-01-28 13:40:20.317  WARN Danny --- [  restartedMain] o.h.m.RootClass                          : HHH000039: Composite-id class does not override hashCode(): com.revature.ScrumHub.bean.BoardMemberId
2018-01-28 13:40:20.564  INFO Danny --- [  restartedMain] j.LocalContainerEntityManagerFactoryBean : Initialized JPA EntityManagerFactory for persistence unit 'default'
2018-01-28 13:40:20.784  INFO Danny --- [  restartedMain] o.h.h.i.QueryTranslatorFactoryInitiator  : HHH000397: Using ASTQueryTranslatorFactory
2018-01-28 13:40:21.254  INFO Danny --- [  restartedMain] s.w.s.m.m.a.RequestMappingHandlerAdapter : Looking for @ControllerAdvice: org.springframework.boot.context.embedded.AnnotationConfigEmbeddedWebApplicationContext@678e2712: startup date [Sun Jan 28 13:40:11 GMT-05:00 2018]; root of context hierarchy
2018-01-28 13:40:21.310  INFO Danny --- [  restartedMain] s.w.s.m.m.a.RequestMappingHandlerMapping : Mapped "{[/board/create],methods=[POST]}" onto public org.springframework.http.ResponseEntity<com.revature.ScrumHub.bean.Board> com.revature.ScrumHub.rest.BoardCtrl.createNewBoard(com.revature.ScrumHub.bean.Board)
2018-01-28 13:40:21.311  INFO Danny --- [  restartedMain] s.w.s.m.m.a.RequestMappingHandlerMapping : Mapped "{[/board/update],methods=[POST]}" onto public org.springframework.http.ResponseEntity<java.lang.Object> com.revature.ScrumHub.rest.BoardCtrl.renameBoard(int,java.lang.String)
2018-01-28 13:40:21.312  INFO Danny --- [  restartedMain] s.w.s.m.m.a.RequestMappingHandlerMapping : Mapped "{[/boardmember/update],methods=[POST]}" onto public org.springframework.http.ResponseEntity<com.revature.ScrumHub.bean.BoardMember> com.revature.ScrumHub.rest.BoardMemberCtrl.updateBoardMember(com.revature.ScrumHub.bean.BoardMember)
2018-01-28 13:40:21.313  INFO Danny --- [  restartedMain] s.w.s.m.m.a.RequestMappingHandlerMapping : Mapped "{[/boardmember/delete],methods=[POST]}" onto public org.springframework.http.ResponseEntity<java.lang.Boolean> com.revature.ScrumHub.rest.BoardMemberCtrl.deleteBoardMember(com.revature.ScrumHub.bean.BoardMember)
2018-01-28 13:40:21.313  INFO Danny --- [  restartedMain] s.w.s.m.m.a.RequestMappingHandlerMapping : Mapped "{[/boardmember/create],methods=[POST]}" onto public org.springframework.http.ResponseEntity<com.revature.ScrumHub.bean.BoardMember> com.revature.ScrumHub.rest.BoardMemberCtrl.createNewBoardMember(com.revature.ScrumHub.bean.BoardMember)
2018-01-28 13:40:21.314  INFO Danny --- [  restartedMain] s.w.s.m.m.a.RequestMappingHandlerMapping : Mapped "{[/roles/{id}],methods=[GET]}" onto public com.revature.ScrumHub.bean.Role com.revature.ScrumHub.rest.RolesCtrl.getRole(int)
2018-01-28 13:40:21.316  INFO Danny --- [  restartedMain] s.w.s.m.m.a.RequestMappingHandlerMapping : Mapped "{[/user/login],methods=[POST]}" onto public org.springframework.http.ResponseEntity<com.revature.ScrumHub.bean.ScrumUser> com.revature.ScrumHub.rest.ScrumUserCtrl.loggingInUser(com.revature.ScrumHub.bean.ScrumUser) throws java.io.IOException,javax.servlet.ServletException
2018-01-28 13:40:21.316  INFO Danny --- [  restartedMain] s.w.s.m.m.a.RequestMappingHandlerMapping : Mapped "{[/user/update],methods=[POST]}" onto public org.springframework.http.ResponseEntity<com.revature.ScrumHub.bean.ScrumUser> com.revature.ScrumHub.rest.ScrumUserCtrl.updateScrumUser(com.revature.ScrumHub.bean.ScrumUser)
2018-01-28 13:40:21.317  INFO Danny --- [  restartedMain] s.w.s.m.m.a.RequestMappingHandlerMapping : Mapped "{[/user/delete],methods=[POST]}" onto public org.springframework.http.ResponseEntity<com.revature.ScrumHub.bean.ScrumUser> com.revature.ScrumHub.rest.ScrumUserCtrl.deleteScrumUser(com.revature.ScrumHub.bean.ScrumUser)
2018-01-28 13:40:21.317  INFO Danny --- [  restartedMain] s.w.s.m.m.a.RequestMappingHandlerMapping : Mapped "{[/user/checkExists],methods=[POST]}" onto public org.springframework.http.ResponseEntity<java.lang.Integer> com.revature.ScrumHub.rest.ScrumUserCtrl.checkIfExistsUsername(com.revature.ScrumHub.bean.ScrumUser)
2018-01-28 13:40:21.317  INFO Danny --- [  restartedMain] s.w.s.m.m.a.RequestMappingHandlerMapping : Mapped "{[/user/all]}" onto public org.springframework.http.ResponseEntity<java.util.List<com.revature.ScrumHub.bean.ScrumUser>> com.revature.ScrumHub.rest.ScrumUserCtrl.retrieveAllScrumUsers()
2018-01-28 13:40:21.318  INFO Danny --- [  restartedMain] s.w.s.m.m.a.RequestMappingHandlerMapping : Mapped "{[/user/create],methods=[POST]}" onto public org.springframework.http.ResponseEntity<com.revature.ScrumHub.bean.ScrumUser> com.revature.ScrumHub.rest.ScrumUserCtrl.createNewScrumUser(com.revature.ScrumHub.bean.ScrumUser)
2018-01-28 13:40:21.318  INFO Danny --- [  restartedMain] s.w.s.m.m.a.RequestMappingHandlerMapping : Mapped "{[/user/{id}]}" onto public org.springframework.http.ResponseEntity<com.revature.ScrumHub.bean.ScrumUser> com.revature.ScrumHub.rest.ScrumUserCtrl.retrieveScrumUser(javax.servlet.http.HttpServletRequest,int)
2018-01-28 13:40:21.319  INFO Danny --- [  restartedMain] s.w.s.m.m.a.RequestMappingHandlerMapping : Mapped "{[/swimlanestatus/{id}],methods=[GET]}" onto public com.revature.ScrumHub.bean.SlStatus com.revature.ScrumHub.rest.SlStatusCtrl.getslStatus(int)
2018-01-28 13:40:21.319  INFO Danny --- [  restartedMain] s.w.s.m.m.a.RequestMappingHandlerMapping : Mapped "{[/swimlanestatus/update],methods=[POST]}" onto public org.springframework.http.ResponseEntity<com.revature.ScrumHub.bean.SlStatus> com.revature.ScrumHub.rest.SlStatusCtrl.createslStatus(com.revature.ScrumHub.bean.SlStatus)
2018-01-28 13:40:21.321  INFO Danny --- [  restartedMain] s.w.s.m.m.a.RequestMappingHandlerMapping : Mapped "{[/story/reorder],methods=[POST]}" onto public org.springframework.http.ResponseEntity<com.revature.ScrumHub.bean.Story> com.revature.ScrumHub.rest.StoryCtrl.reorderStory(com.revature.ScrumHub.bean.Story)
2018-01-28 13:40:21.322  INFO Danny --- [  restartedMain] s.w.s.m.m.a.RequestMappingHandlerMapping : Mapped "{[/story/create],methods=[POST]}" onto public org.springframework.http.ResponseEntity<com.revature.ScrumHub.bean.Story> com.revature.ScrumHub.rest.StoryCtrl.createStory(com.revature.ScrumHub.bean.Story)
2018-01-28 13:40:21.322  INFO Danny --- [  restartedMain] s.w.s.m.m.a.RequestMappingHandlerMapping : Mapped "{[/story/update],methods=[POST]}" onto public org.springframework.http.ResponseEntity<com.revature.ScrumHub.bean.Story> com.revature.ScrumHub.rest.StoryCtrl.updateStory(com.revature.ScrumHub.bean.Story)
2018-01-28 13:40:21.323  INFO Danny --- [  restartedMain] s.w.s.m.m.a.RequestMappingHandlerMapping : Mapped "{[/story/{id}],methods=[GET]}" onto public com.revature.ScrumHub.bean.Story com.revature.ScrumHub.rest.StoryCtrl.getStory(int)
2018-01-28 13:40:21.323  INFO Danny --- [  restartedMain] s.w.s.m.m.a.RequestMappingHandlerMapping : Mapped "{[/story/move],methods=[POST]}" onto public org.springframework.http.ResponseEntity<com.revature.ScrumHub.bean.Story> com.revature.ScrumHub.rest.StoryCtrl.moveStoryToSwimlane(com.revature.ScrumHub.bean.Story)
2018-01-28 13:40:21.325  INFO Danny --- [  restartedMain] s.w.s.m.m.a.RequestMappingHandlerMapping : Mapped "{[/swimlane/reorder],methods=[POST]}" onto public org.springframework.http.ResponseEntity<com.revature.ScrumHub.bean.Swimlane> com.revature.ScrumHub.rest.SwimlaneCtrl.updateSwimlan(com.revature.ScrumHub.bean.Swimlane)
2018-01-28 13:40:21.326  INFO Danny --- [  restartedMain] s.w.s.m.m.a.RequestMappingHandlerMapping : Mapped "{[/swimlane/create],methods=[POST]}" onto public org.springframework.http.ResponseEntity<com.revature.ScrumHub.bean.Swimlane> com.revature.ScrumHub.rest.SwimlaneCtrl.createSwimlane(com.revature.ScrumHub.bean.Swimlane)
2018-01-28 13:40:21.326  INFO Danny --- [  restartedMain] s.w.s.m.m.a.RequestMappingHandlerMapping : Mapped "{[/swimlane/update],methods=[POST]}" onto public org.springframework.http.ResponseEntity<com.revature.ScrumHub.bean.Swimlane> com.revature.ScrumHub.rest.SwimlaneCtrl.updateSwimlane(com.revature.ScrumHub.bean.Swimlane)
2018-01-28 13:40:21.326  INFO Danny --- [  restartedMain] s.w.s.m.m.a.RequestMappingHandlerMapping : Mapped "{[/swimlane/{id}],methods=[GET]}" onto public com.revature.ScrumHub.bean.Swimlane com.revature.ScrumHub.rest.SwimlaneCtrl.getSwimlane(int)
2018-01-28 13:40:21.327  INFO Danny --- [  restartedMain] s.w.s.m.m.a.RequestMappingHandlerMapping : Mapped "{[/task/{id}],methods=[GET]}" onto public com.revature.ScrumHub.bean.Task com.revature.ScrumHub.rest.TaskCtrl.getTask(int)
2018-01-28 13:40:21.327  INFO Danny --- [  restartedMain] s.w.s.m.m.a.RequestMappingHandlerMapping : Mapped "{[/task/delete],methods=[POST]}" onto public org.springframework.http.ResponseEntity<com.revature.ScrumHub.bean.Task> com.revature.ScrumHub.rest.TaskCtrl.deleteTask(com.revature.ScrumHub.bean.Task)
2018-01-28 13:40:21.328  INFO Danny --- [  restartedMain] s.w.s.m.m.a.RequestMappingHandlerMapping : Mapped "{[/task/create],methods=[POST]}" onto public org.springframework.http.ResponseEntity<com.revature.ScrumHub.bean.Task> com.revature.ScrumHub.rest.TaskCtrl.createTask(com.revature.ScrumHub.bean.Task)
2018-01-28 13:40:21.328  INFO Danny --- [  restartedMain] s.w.s.m.m.a.RequestMappingHandlerMapping : Mapped "{[/task/update],methods=[POST]}" onto public org.springframework.http.ResponseEntity<com.revature.ScrumHub.bean.Task> com.revature.ScrumHub.rest.TaskCtrl.updateTask(com.revature.ScrumHub.bean.Task)
2018-01-28 13:40:21.329  INFO Danny --- [  restartedMain] s.w.s.m.m.a.RequestMappingHandlerMapping : Mapped "{[/error]}" onto public org.springframework.http.ResponseEntity<java.util.Map<java.lang.String, java.lang.Object>> org.springframework.boot.autoconfigure.web.BasicErrorController.error(javax.servlet.http.HttpServletRequest)
2018-01-28 13:40:21.330  INFO Danny --- [  restartedMain] s.w.s.m.m.a.RequestMappingHandlerMapping : Mapped "{[/error],produces=[text/html]}" onto public org.springframework.web.servlet.ModelAndView org.springframework.boot.autoconfigure.web.BasicErrorController.errorHtml(javax.servlet.http.HttpServletRequest,javax.servlet.http.HttpServletResponse)
2018-01-28 13:40:21.359  INFO Danny --- [  restartedMain] o.s.w.s.h.SimpleUrlHandlerMapping        : Mapped URL path [/webjars/**] onto handler of type [class org.springframework.web.servlet.resource.ResourceHttpRequestHandler]
2018-01-28 13:40:21.360  INFO Danny --- [  restartedMain] o.s.w.s.h.SimpleUrlHandlerMapping        : Mapped URL path [/**] onto handler of type [class org.springframework.web.servlet.resource.ResourceHttpRequestHandler]
2018-01-28 13:40:21.395  INFO Danny --- [  restartedMain] o.s.w.s.h.SimpleUrlHandlerMapping        : Mapped URL path [/**/favicon.ico] onto handler of type [class org.springframework.web.servlet.resource.ResourceHttpRequestHandler]
2018-01-28 13:40:21.415  INFO Danny --- [  restartedMain] oConfiguration$WelcomePageHandlerMapping : Adding welcome page: ServletContext resource [/index.html]
2018-01-28 13:40:21.677  INFO Danny --- [  restartedMain] o.s.b.a.e.m.EndpointHandlerMapping       : Mapped "{[/metrics/{name:.*}],methods=[GET],produces=[application/vnd.spring-boot.actuator.v1+json || application/json]}" onto public java.lang.Object org.springframework.boot.actuate.endpoint.mvc.MetricsMvcEndpoint.value(java.lang.String)
2018-01-28 13:40:21.678  INFO Danny --- [  restartedMain] o.s.b.a.e.m.EndpointHandlerMapping       : Mapped "{[/metrics || /metrics.json],methods=[GET],produces=[application/vnd.spring-boot.actuator.v1+json || application/json]}" onto public java.lang.Object org.springframework.boot.actuate.endpoint.mvc.EndpointMvcAdapter.invoke()
2018-01-28 13:40:21.678  INFO Danny --- [  restartedMain] o.s.b.a.e.m.EndpointHandlerMapping       : Mapped "{[/health || /health.json],methods=[GET],produces=[application/vnd.spring-boot.actuator.v1+json || application/json]}" onto public java.lang.Object org.springframework.boot.actuate.endpoint.mvc.HealthMvcEndpoint.invoke(javax.servlet.http.HttpServletRequest,java.security.Principal)
2018-01-28 13:40:21.679  INFO Danny --- [  restartedMain] o.s.b.a.e.m.EndpointHandlerMapping       : Mapped "{[/info || /info.json],methods=[GET],produces=[application/vnd.spring-boot.actuator.v1+json || application/json]}" onto public java.lang.Object org.springframework.boot.actuate.endpoint.mvc.EndpointMvcAdapter.invoke()
2018-01-28 13:40:21.679  INFO Danny --- [  restartedMain] o.s.b.a.e.m.EndpointHandlerMapping       : Mapped "{[/configprops || /configprops.json],methods=[GET],produces=[application/vnd.spring-boot.actuator.v1+json || application/json]}" onto public java.lang.Object org.springframework.boot.actuate.endpoint.mvc.EndpointMvcAdapter.invoke()
2018-01-28 13:40:21.679  INFO Danny --- [  restartedMain] o.s.b.a.e.m.EndpointHandlerMapping       : Mapped "{[/beans || /beans.json],methods=[GET],produces=[application/vnd.spring-boot.actuator.v1+json || application/json]}" onto public java.lang.Object org.springframework.boot.actuate.endpoint.mvc.EndpointMvcAdapter.invoke()
2018-01-28 13:40:21.680  INFO Danny --- [  restartedMain] o.s.b.a.e.m.EndpointHandlerMapping       : Mapped "{[/heapdump || /heapdump.json],methods=[GET],produces=[application/octet-stream]}" onto public void org.springframework.boot.actuate.endpoint.mvc.HeapdumpMvcEndpoint.invoke(boolean,javax.servlet.http.HttpServletRequest,javax.servlet.http.HttpServletResponse) throws java.io.IOException,javax.servlet.ServletException
2018-01-28 13:40:21.680  INFO Danny --- [  restartedMain] o.s.b.a.e.m.EndpointHandlerMapping       : Mapped "{[/env/{name:.*}],methods=[GET],produces=[application/vnd.spring-boot.actuator.v1+json || application/json]}" onto public java.lang.Object org.springframework.boot.actuate.endpoint.mvc.EnvironmentMvcEndpoint.value(java.lang.String)
2018-01-28 13:40:21.681  INFO Danny --- [  restartedMain] o.s.b.a.e.m.EndpointHandlerMapping       : Mapped "{[/env || /env.json],methods=[GET],produces=[application/vnd.spring-boot.actuator.v1+json || application/json]}" onto public java.lang.Object org.springframework.boot.actuate.endpoint.mvc.EndpointMvcAdapter.invoke()
2018-01-28 13:40:21.681  INFO Danny --- [  restartedMain] o.s.b.a.e.m.EndpointHandlerMapping       : Mapped "{[/autoconfig || /autoconfig.json],methods=[GET],produces=[application/vnd.spring-boot.actuator.v1+json || application/json]}" onto public java.lang.Object org.springframework.boot.actuate.endpoint.mvc.EndpointMvcAdapter.invoke()
2018-01-28 13:40:21.683  INFO Danny --- [  restartedMain] o.s.b.a.e.m.EndpointHandlerMapping       : Mapped "{[/loggers/{name:.*}],methods=[GET],produces=[application/vnd.spring-boot.actuator.v1+json || application/json]}" onto public java.lang.Object org.springframework.boot.actuate.endpoint.mvc.LoggersMvcEndpoint.get(java.lang.String)
2018-01-28 13:40:21.683  INFO Danny --- [  restartedMain] o.s.b.a.e.m.EndpointHandlerMapping       : Mapped "{[/loggers/{name:.*}],methods=[POST],consumes=[application/vnd.spring-boot.actuator.v1+json || application/json],produces=[application/vnd.spring-boot.actuator.v1+json || application/json]}" onto public java.lang.Object org.springframework.boot.actuate.endpoint.mvc.LoggersMvcEndpoint.set(java.lang.String,java.util.Map<java.lang.String, java.lang.String>)
2018-01-28 13:40:21.683  INFO Danny --- [  restartedMain] o.s.b.a.e.m.EndpointHandlerMapping       : Mapped "{[/loggers || /loggers.json],methods=[GET],produces=[application/vnd.spring-boot.actuator.v1+json || application/json]}" onto public java.lang.Object org.springframework.boot.actuate.endpoint.mvc.EndpointMvcAdapter.invoke()
2018-01-28 13:40:21.683  INFO Danny --- [  restartedMain] o.s.b.a.e.m.EndpointHandlerMapping       : Mapped "{[/dump || /dump.json],methods=[GET],produces=[application/vnd.spring-boot.actuator.v1+json || application/json]}" onto public java.lang.Object org.springframework.boot.actuate.endpoint.mvc.EndpointMvcAdapter.invoke()
2018-01-28 13:40:21.684  INFO Danny --- [  restartedMain] o.s.b.a.e.m.EndpointHandlerMapping       : Mapped "{[/auditevents || /auditevents.json],methods=[GET],produces=[application/vnd.spring-boot.actuator.v1+json || application/json]}" onto public org.springframework.http.ResponseEntity<?> org.springframework.boot.actuate.endpoint.mvc.AuditEventsMvcEndpoint.findByPrincipalAndAfterAndType(java.lang.String,java.util.Date,java.lang.String)
2018-01-28 13:40:21.684  INFO Danny --- [  restartedMain] o.s.b.a.e.m.EndpointHandlerMapping       : Mapped "{[/trace || /trace.json],methods=[GET],produces=[application/vnd.spring-boot.actuator.v1+json || application/json]}" onto public java.lang.Object org.springframework.boot.actuate.endpoint.mvc.EndpointMvcAdapter.invoke()
2018-01-28 13:40:21.685  INFO Danny --- [  restartedMain] o.s.b.a.e.m.EndpointHandlerMapping       : Mapped "{[/mappings || /mappings.json],methods=[GET],produces=[application/vnd.spring-boot.actuator.v1+json || application/json]}" onto public java.lang.Object org.springframework.boot.actuate.endpoint.mvc.EndpointMvcAdapter.invoke()
2018-01-28 13:40:21.864  INFO Danny --- [  restartedMain] o.s.b.d.a.OptionalLiveReloadServer       : LiveReload server is running on port 35729
2018-01-28 13:40:21.914  INFO Danny --- [  restartedMain] o.s.j.e.a.AnnotationMBeanExporter        : Registering beans for JMX exposure on startup
2018-01-28 13:40:21.920  INFO Danny --- [  restartedMain] o.s.b.a.e.j.EndpointMBeanExporter        : Registering beans for JMX exposure on startup
2018-01-28 13:40:21.924  INFO Danny --- [  restartedMain] o.s.c.s.DefaultLifecycleProcessor        : Starting beans in phase 0
2018-01-28 13:40:21.926  INFO Danny --- [  restartedMain] o.s.b.a.e.j.EndpointMBeanExporter        : Located managed bean 'auditEventsEndpoint': registering with JMX server as MBean [org.springframework.boot:type=Endpoint,name=auditEventsEndpoint]
2018-01-28 13:40:21.939  INFO Danny --- [  restartedMain] o.s.b.a.e.j.EndpointMBeanExporter        : Located managed bean 'requestMappingEndpoint': registering with JMX server as MBean [org.springframework.boot:type=Endpoint,name=requestMappingEndpoint]
2018-01-28 13:40:21.947  INFO Danny --- [  restartedMain] o.s.b.a.e.j.EndpointMBeanExporter        : Located managed bean 'environmentEndpoint': registering with JMX server as MBean [org.springframework.boot:type=Endpoint,name=environmentEndpoint]
2018-01-28 13:40:21.950  INFO Danny --- [  restartedMain] o.s.b.a.e.j.EndpointMBeanExporter        : Located managed bean 'healthEndpoint': registering with JMX server as MBean [org.springframework.boot:type=Endpoint,name=healthEndpoint]
2018-01-28 13:40:21.953  INFO Danny --- [  restartedMain] o.s.b.a.e.j.EndpointMBeanExporter        : Located managed bean 'beansEndpoint': registering with JMX server as MBean [org.springframework.boot:type=Endpoint,name=beansEndpoint]
2018-01-28 13:40:21.955  INFO Danny --- [  restartedMain] o.s.b.a.e.j.EndpointMBeanExporter        : Located managed bean 'infoEndpoint': registering with JMX server as MBean [org.springframework.boot:type=Endpoint,name=infoEndpoint]
2018-01-28 13:40:21.957  INFO Danny --- [  restartedMain] o.s.b.a.e.j.EndpointMBeanExporter        : Located managed bean 'loggersEndpoint': registering with JMX server as MBean [org.springframework.boot:type=Endpoint,name=loggersEndpoint]
2018-01-28 13:40:21.961  INFO Danny --- [  restartedMain] o.s.b.a.e.j.EndpointMBeanExporter        : Located managed bean 'metricsEndpoint': registering with JMX server as MBean [org.springframework.boot:type=Endpoint,name=metricsEndpoint]
2018-01-28 13:40:21.963  INFO Danny --- [  restartedMain] o.s.b.a.e.j.EndpointMBeanExporter        : Located managed bean 'traceEndpoint': registering with JMX server as MBean [org.springframework.boot:type=Endpoint,name=traceEndpoint]
2018-01-28 13:40:21.965  INFO Danny --- [  restartedMain] o.s.b.a.e.j.EndpointMBeanExporter        : Located managed bean 'dumpEndpoint': registering with JMX server as MBean [org.springframework.boot:type=Endpoint,name=dumpEndpoint]
2018-01-28 13:40:21.967  INFO Danny --- [  restartedMain] o.s.b.a.e.j.EndpointMBeanExporter        : Located managed bean 'autoConfigurationReportEndpoint': registering with JMX server as MBean [org.springframework.boot:type=Endpoint,name=autoConfigurationReportEndpoint]
2018-01-28 13:40:21.968  INFO Danny --- [  restartedMain] o.s.b.a.e.j.EndpointMBeanExporter        : Located managed bean 'configurationPropertiesReportEndpoint': registering with JMX server as MBean [org.springframework.boot:type=Endpoint,name=configurationPropertiesReportEndpoint]
2018-01-28 13:40:21.983  INFO Danny --- [  restartedMain] o.a.c.h.Http11NioProtocol                : Initializing ProtocolHandler ["http-nio-8090"]
2018-01-28 13:40:21.990  INFO Danny --- [  restartedMain] o.a.c.h.Http11NioProtocol                : Starting ProtocolHandler ["http-nio-8090"]
2018-01-28 13:40:22.000  INFO Danny --- [  restartedMain] o.a.t.u.n.NioSelectorPool                : Using a shared selector for servlet write/read
2018-01-28 13:40:22.014  INFO Danny --- [  restartedMain] s.b.c.e.t.TomcatEmbeddedServletContainer : Tomcat started on port(s): 8090 (http)
2018-01-28 13:40:22.020  INFO Danny --- [  restartedMain] c.r.S.ScrumHubApplication                : Started ScrumHubApplication in 10.827 seconds (JVM running for 11.604)
2018-01-28 13:42:14.202  INFO Danny --- [nio-8090-exec-1] o.a.c.c.C.[.[.[/scrumhub/api]            : Initializing Spring FrameworkServlet 'dispatcherServlet'
2018-01-28 13:42:14.203  INFO Danny --- [nio-8090-exec-1] o.s.w.s.DispatcherServlet                : FrameworkServlet 'dispatcherServlet': initialization started
2018-01-28 13:42:14.246  INFO Danny --- [nio-8090-exec-1] o.s.w.s.DispatcherServlet                : FrameworkServlet 'dispatcherServlet': initialization completed in 43 ms
2018-01-28 13:47:12.671  INFO Danny --- [n(15)-127.0.0.1] inMXBeanRegistrar$SpringApplicationAdmin : Application shutdown requested.
2018-01-28 13:47:12.671  INFO Danny --- [n(15)-127.0.0.1] ationConfigEmbeddedWebApplicationContext : Closing org.springframework.boot.context.embedded.AnnotationConfigEmbeddedWebApplicationContext@678e2712: startup date [Sun Jan 28 13:40:11 GMT-05:00 2018]; root of context hierarchy
2018-01-28 13:47:12.673  INFO Danny --- [n(15)-127.0.0.1] o.s.c.s.DefaultLifecycleProcessor        : Stopping beans in phase 0
2018-01-28 13:47:12.674  INFO Danny --- [n(15)-127.0.0.1] o.s.b.a.e.j.EndpointMBeanExporter        : Unregistering JMX-exposed beans on shutdown
2018-01-28 13:47:12.674  INFO Danny --- [n(15)-127.0.0.1] o.s.b.a.e.j.EndpointMBeanExporter        : Unregistering JMX-exposed beans
2018-01-28 13:47:12.674  INFO Danny --- [n(15)-127.0.0.1] o.s.j.e.a.AnnotationMBeanExporter        : Unregistering JMX-exposed beans on shutdown
2018-01-28 13:47:12.676  INFO Danny --- [n(15)-127.0.0.1] j.LocalContainerEntityManagerFactoryBean : Closing JPA EntityManagerFactory for persistence unit 'default'
2018-01-28 15:34:38.970  INFO Danny --- [  restartedMain] c.r.S.ScrumHubApplication                : Starting ScrumHubApplication on Danny with PID 16044 (C:\Users\Daniel\my_git_repos\1712_dec11th_java_steve\Project2\scrumhub\target\classes started by Daniel in C:\Users\Daniel\my_git_repos\1712_dec11th_java_steve\Project2\scrumhub)
2018-01-28 15:34:39.001  INFO Danny --- [  restartedMain] c.r.S.ScrumHubApplication                : No active profile set, falling back to default profiles: default
2018-01-28 15:34:39.095  INFO Danny --- [  restartedMain] ationConfigEmbeddedWebApplicationContext : Refreshing org.springframework.boot.context.embedded.AnnotationConfigEmbeddedWebApplicationContext@3b6c8236: startup date [Sun Jan 28 15:34:39 GMT-05:00 2018]; root of context hierarchy
2018-01-28 15:34:39.184  INFO Danny --- [kground-preinit] o.h.v.i.u.Version                        : HV000001: Hibernate Validator 5.3.6.Final
2018-01-28 15:34:41.021  INFO Danny --- [  restartedMain] s.b.c.e.t.TomcatEmbeddedServletContainer : Tomcat initialized with port(s): 8090 (http)
2018-01-28 15:34:41.036  INFO Danny --- [  restartedMain] o.a.c.c.StandardService                  : Starting service [Tomcat]
2018-01-28 15:34:41.039  INFO Danny --- [  restartedMain] o.a.c.c.StandardEngine                   : Starting Servlet Engine: Apache Tomcat/8.5.23
2018-01-28 15:34:41.118  INFO Danny --- [ost-startStop-1] o.a.c.c.C.[.[.[/scrumhub/api]            : Initializing Spring embedded WebApplicationContext
2018-01-28 15:34:41.118  INFO Danny --- [ost-startStop-1] o.s.w.c.ContextLoader                    : Root WebApplicationContext: initialization completed in 2054 ms
2018-01-28 15:34:41.371  INFO Danny --- [ost-startStop-1] o.s.b.w.s.ServletRegistrationBean        : Mapping servlet: 'dispatcherServlet' to [/]
2018-01-28 15:34:41.371  INFO Danny --- [ost-startStop-1] o.s.b.w.s.FilterRegistrationBean         : Mapping filter: 'metricsFilter' to: [/*]
2018-01-28 15:34:41.371  INFO Danny --- [ost-startStop-1] o.s.b.w.s.FilterRegistrationBean         : Mapping filter: 'characterEncodingFilter' to: [/*]
2018-01-28 15:34:41.371  INFO Danny --- [ost-startStop-1] o.s.b.w.s.FilterRegistrationBean         : Mapping filter: 'hiddenHttpMethodFilter' to: [/*]
2018-01-28 15:34:41.371  INFO Danny --- [ost-startStop-1] o.s.b.w.s.FilterRegistrationBean         : Mapping filter: 'httpPutFormContentFilter' to: [/*]
2018-01-28 15:34:41.371  INFO Danny --- [ost-startStop-1] o.s.b.w.s.FilterRegistrationBean         : Mapping filter: 'requestContextFilter' to: [/*]
2018-01-28 15:34:41.371  INFO Danny --- [ost-startStop-1] o.s.b.w.s.FilterRegistrationBean         : Mapping filter: 'webRequestLoggingFilter' to: [/*]
2018-01-28 15:34:41.371  INFO Danny --- [ost-startStop-1] o.s.b.w.s.FilterRegistrationBean         : Mapping filter: 'applicationContextIdFilter' to: [/*]
2018-01-28 15:34:41.652  INFO Danny --- [  restartedMain] j.LocalContainerEntityManagerFactoryBean : Building JPA container EntityManagerFactory for persistence unit 'default'
2018-01-28 15:34:41.652  INFO Danny --- [  restartedMain] o.h.j.i.u.LogHelper                      : HHH000204: Processing PersistenceUnitInfo [
	name: default
	...]
2018-01-28 15:34:41.699  INFO Danny --- [  restartedMain] o.h.Version                              : HHH000412: Hibernate Core {5.0.12.Final}
2018-01-28 15:34:41.699  INFO Danny --- [  restartedMain] o.h.c.Environment                        : HHH000206: hibernate.properties not found
2018-01-28 15:34:41.699  INFO Danny --- [  restartedMain] o.h.c.Environment                        : HHH000021: Bytecode provider name : javassist
2018-01-28 15:34:41.730  INFO Danny --- [  restartedMain] o.h.a.c.Version                          : HCANN000001: Hibernate Commons Annotations {5.0.1.Final}
2018-01-28 15:34:47.248  INFO Danny --- [  restartedMain] o.h.d.Dialect                            : HHH000400: Using dialect: org.hibernate.dialect.Oracle10gDialect
2018-01-28 15:34:48.137  WARN Danny --- [  restartedMain] o.h.o.deprecation                        : HHH90000014: Found use of deprecated [org.hibernate.id.SequenceHiLoGenerator] sequence-based id generator; use org.hibernate.id.enhanced.SequenceStyleGenerator instead.  See Hibernate Domain Model Mapping Guide for details.
2018-01-28 15:34:48.137  WARN Danny --- [  restartedMain] o.h.o.deprecation                        : HHH90000014: Found use of deprecated [org.hibernate.id.SequenceHiLoGenerator] sequence-based id generator; use org.hibernate.id.enhanced.SequenceStyleGenerator instead.  See Hibernate Domain Model Mapping Guide for details.
2018-01-28 15:34:48.137  WARN Danny --- [  restartedMain] o.h.o.deprecation                        : HHH90000014: Found use of deprecated [org.hibernate.id.SequenceHiLoGenerator] sequence-based id generator; use org.hibernate.id.enhanced.SequenceStyleGenerator instead.  See Hibernate Domain Model Mapping Guide for details.
2018-01-28 15:34:48.153  WARN Danny --- [  restartedMain] o.h.o.deprecation                        : HHH90000014: Found use of deprecated [org.hibernate.id.SequenceHiLoGenerator] sequence-based id generator; use org.hibernate.id.enhanced.SequenceStyleGenerator instead.  See Hibernate Domain Model Mapping Guide for details.
2018-01-28 15:34:48.153  WARN Danny --- [  restartedMain] o.h.o.deprecation                        : HHH90000014: Found use of deprecated [org.hibernate.id.SequenceHiLoGenerator] sequence-based id generator; use org.hibernate.id.enhanced.SequenceStyleGenerator instead.  See Hibernate Domain Model Mapping Guide for details.
2018-01-28 15:34:48.153  WARN Danny --- [  restartedMain] o.h.o.deprecation                        : HHH90000014: Found use of deprecated [org.hibernate.id.SequenceHiLoGenerator] sequence-based id generator; use org.hibernate.id.enhanced.SequenceStyleGenerator instead.  See Hibernate Domain Model Mapping Guide for details.
2018-01-28 15:34:48.215  WARN Danny --- [  restartedMain] o.h.m.RootClass                          : HHH000038: Composite-id class does not override equals(): com.revature.ScrumHub.bean.BoardMemberId
2018-01-28 15:34:48.215  WARN Danny --- [  restartedMain] o.h.m.RootClass                          : HHH000039: Composite-id class does not override hashCode(): com.revature.ScrumHub.bean.BoardMemberId
2018-01-28 15:34:48.528  INFO Danny --- [  restartedMain] j.LocalContainerEntityManagerFactoryBean : Initialized JPA EntityManagerFactory for persistence unit 'default'
2018-01-28 15:34:48.778  INFO Danny --- [  restartedMain] o.h.h.i.QueryTranslatorFactoryInitiator  : HHH000397: Using ASTQueryTranslatorFactory
2018-01-28 15:34:49.233  INFO Danny --- [  restartedMain] s.w.s.m.m.a.RequestMappingHandlerAdapter : Looking for @ControllerAdvice: org.springframework.boot.context.embedded.AnnotationConfigEmbeddedWebApplicationContext@3b6c8236: startup date [Sun Jan 28 15:34:39 GMT-05:00 2018]; root of context hierarchy
2018-01-28 15:34:49.279  INFO Danny --- [  restartedMain] s.w.s.m.m.a.RequestMappingHandlerMapping : Mapped "{[/board/update],methods=[POST]}" onto public org.springframework.http.ResponseEntity<java.lang.Object> com.revature.ScrumHub.rest.BoardCtrl.renameBoard(com.revature.ScrumHub.bean.Board)
2018-01-28 15:34:49.279  INFO Danny --- [  restartedMain] s.w.s.m.m.a.RequestMappingHandlerMapping : Mapped "{[/board/create],methods=[POST]}" onto public org.springframework.http.ResponseEntity<com.revature.ScrumHub.bean.Board> com.revature.ScrumHub.rest.BoardCtrl.createNewBoard(com.revature.ScrumHub.bean.Board)
2018-01-28 15:34:49.279  INFO Danny --- [  restartedMain] s.w.s.m.m.a.RequestMappingHandlerMapping : Mapped "{[/boardmember/delete],methods=[POST]}" onto public org.springframework.http.ResponseEntity<java.lang.Boolean> com.revature.ScrumHub.rest.BoardMemberCtrl.deleteBoardMember(com.revature.ScrumHub.bean.BoardMember)
2018-01-28 15:34:49.279  INFO Danny --- [  restartedMain] s.w.s.m.m.a.RequestMappingHandlerMapping : Mapped "{[/boardmember/create],methods=[POST]}" onto public org.springframework.http.ResponseEntity<com.revature.ScrumHub.bean.BoardMember> com.revature.ScrumHub.rest.BoardMemberCtrl.createNewBoardMember(com.revature.ScrumHub.bean.BoardMember)
2018-01-28 15:34:49.279  INFO Danny --- [  restartedMain] s.w.s.m.m.a.RequestMappingHandlerMapping : Mapped "{[/boardmember/update],methods=[POST]}" onto public org.springframework.http.ResponseEntity<com.revature.ScrumHub.bean.BoardMember> com.revature.ScrumHub.rest.BoardMemberCtrl.updateBoardMember(com.revature.ScrumHub.bean.BoardMember)
2018-01-28 15:34:49.279  INFO Danny --- [  restartedMain] s.w.s.m.m.a.RequestMappingHandlerMapping : Mapped "{[/roles/{id}],methods=[GET]}" onto public com.revature.ScrumHub.bean.Role com.revature.ScrumHub.rest.RolesCtrl.getRole(int)
2018-01-28 15:34:49.279  INFO Danny --- [  restartedMain] s.w.s.m.m.a.RequestMappingHandlerMapping : Mapped "{[/user/all]}" onto public org.springframework.http.ResponseEntity<java.util.List<com.revature.ScrumHub.bean.ScrumUser>> com.revature.ScrumHub.rest.ScrumUserCtrl.retrieveAllScrumUsers()
2018-01-28 15:34:49.279  INFO Danny --- [  restartedMain] s.w.s.m.m.a.RequestMappingHandlerMapping : Mapped "{[/user/{id}]}" onto public org.springframework.http.ResponseEntity<com.revature.ScrumHub.bean.ScrumUser> com.revature.ScrumHub.rest.ScrumUserCtrl.retrieveScrumUser(javax.servlet.http.HttpServletRequest,int)
2018-01-28 15:34:49.295  INFO Danny --- [  restartedMain] s.w.s.m.m.a.RequestMappingHandlerMapping : Mapped "{[/user/create],methods=[POST]}" onto public org.springframework.http.ResponseEntity<com.revature.ScrumHub.bean.ScrumUser> com.revature.ScrumHub.rest.ScrumUserCtrl.createNewScrumUser(com.revature.ScrumHub.bean.ScrumUser)
2018-01-28 15:34:49.295  INFO Danny --- [  restartedMain] s.w.s.m.m.a.RequestMappingHandlerMapping : Mapped "{[/user/checkExists],methods=[POST]}" onto public org.springframework.http.ResponseEntity<java.lang.Integer> com.revature.ScrumHub.rest.ScrumUserCtrl.checkIfExistsUsername(com.revature.ScrumHub.bean.ScrumUser)
2018-01-28 15:34:49.295  INFO Danny --- [  restartedMain] s.w.s.m.m.a.RequestMappingHandlerMapping : Mapped "{[/user/update],methods=[POST]}" onto public org.springframework.http.ResponseEntity<com.revature.ScrumHub.bean.ScrumUser> com.revature.ScrumHub.rest.ScrumUserCtrl.updateScrumUser(com.revature.ScrumHub.bean.ScrumUser)
2018-01-28 15:34:49.295  INFO Danny --- [  restartedMain] s.w.s.m.m.a.RequestMappingHandlerMapping : Mapped "{[/user/delete],methods=[POST]}" onto public org.springframework.http.ResponseEntity<com.revature.ScrumHub.bean.ScrumUser> com.revature.ScrumHub.rest.ScrumUserCtrl.deleteScrumUser(com.revature.ScrumHub.bean.ScrumUser)
2018-01-28 15:34:49.295  INFO Danny --- [  restartedMain] s.w.s.m.m.a.RequestMappingHandlerMapping : Mapped "{[/user/login],methods=[POST]}" onto public org.springframework.http.ResponseEntity<com.revature.ScrumHub.bean.ScrumUser> com.revature.ScrumHub.rest.ScrumUserCtrl.loggingInUser(com.revature.ScrumHub.bean.ScrumUser) throws java.io.IOException,javax.servlet.ServletException
2018-01-28 15:34:49.295  INFO Danny --- [  restartedMain] s.w.s.m.m.a.RequestMappingHandlerMapping : Mapped "{[/swimlanestatus/{id}],methods=[GET]}" onto public com.revature.ScrumHub.bean.SlStatus com.revature.ScrumHub.rest.SlStatusCtrl.getslStatus(int)
2018-01-28 15:34:49.295  INFO Danny --- [  restartedMain] s.w.s.m.m.a.RequestMappingHandlerMapping : Mapped "{[/swimlanestatus/update],methods=[POST]}" onto public org.springframework.http.ResponseEntity<com.revature.ScrumHub.bean.SlStatus> com.revature.ScrumHub.rest.SlStatusCtrl.createslStatus(com.revature.ScrumHub.bean.SlStatus)
2018-01-28 15:34:49.295  INFO Danny --- [  restartedMain] s.w.s.m.m.a.RequestMappingHandlerMapping : Mapped "{[/story/move],methods=[POST]}" onto public org.springframework.http.ResponseEntity<com.revature.ScrumHub.bean.Story> com.revature.ScrumHub.rest.StoryCtrl.moveStoryToSwimlane(com.revature.ScrumHub.bean.Story)
2018-01-28 15:34:49.295  INFO Danny --- [  restartedMain] s.w.s.m.m.a.RequestMappingHandlerMapping : Mapped "{[/story/create],methods=[POST]}" onto public org.springframework.http.ResponseEntity<com.revature.ScrumHub.bean.Story> com.revature.ScrumHub.rest.StoryCtrl.createStory(com.revature.ScrumHub.bean.Story)
2018-01-28 15:34:49.295  INFO Danny --- [  restartedMain] s.w.s.m.m.a.RequestMappingHandlerMapping : Mapped "{[/story/update],methods=[POST]}" onto public org.springframework.http.ResponseEntity<com.revature.ScrumHub.bean.Story> com.revature.ScrumHub.rest.StoryCtrl.updateStory(com.revature.ScrumHub.bean.Story)
2018-01-28 15:34:49.295  INFO Danny --- [  restartedMain] s.w.s.m.m.a.RequestMappingHandlerMapping : Mapped "{[/story/reorder],methods=[POST]}" onto public org.springframework.http.ResponseEntity<com.revature.ScrumHub.bean.Story> com.revature.ScrumHub.rest.StoryCtrl.reorderStory(com.revature.ScrumHub.bean.Story)
2018-01-28 15:34:49.295  INFO Danny --- [  restartedMain] s.w.s.m.m.a.RequestMappingHandlerMapping : Mapped "{[/story/{id}],methods=[GET]}" onto public com.revature.ScrumHub.bean.Story com.revature.ScrumHub.rest.StoryCtrl.getStory(int)
2018-01-28 15:34:49.295  INFO Danny --- [  restartedMain] s.w.s.m.m.a.RequestMappingHandlerMapping : Mapped "{[/swimlane/{id}],methods=[GET]}" onto public com.revature.ScrumHub.bean.Swimlane com.revature.ScrumHub.rest.SwimlaneCtrl.getSwimlane(int)
2018-01-28 15:34:49.295  INFO Danny --- [  restartedMain] s.w.s.m.m.a.RequestMappingHandlerMapping : Mapped "{[/swimlane/create],methods=[POST]}" onto public org.springframework.http.ResponseEntity<com.revature.ScrumHub.bean.Swimlane> com.revature.ScrumHub.rest.SwimlaneCtrl.createSwimlane(com.revature.ScrumHub.bean.Swimlane)
2018-01-28 15:34:49.295  INFO Danny --- [  restartedMain] s.w.s.m.m.a.RequestMappingHandlerMapping : Mapped "{[/swimlane/update],methods=[POST]}" onto public org.springframework.http.ResponseEntity<com.revature.ScrumHub.bean.Swimlane> com.revature.ScrumHub.rest.SwimlaneCtrl.updateSwimlane(com.revature.ScrumHub.bean.Swimlane)
2018-01-28 15:34:49.295  INFO Danny --- [  restartedMain] s.w.s.m.m.a.RequestMappingHandlerMapping : Mapped "{[/swimlane/reorder],methods=[POST]}" onto public org.springframework.http.ResponseEntity<com.revature.ScrumHub.bean.Swimlane> com.revature.ScrumHub.rest.SwimlaneCtrl.updateSwimlan(com.revature.ScrumHub.bean.Swimlane)
2018-01-28 15:34:49.295  INFO Danny --- [  restartedMain] s.w.s.m.m.a.RequestMappingHandlerMapping : Mapped "{[/task/{id}],methods=[GET]}" onto public com.revature.ScrumHub.bean.Task com.revature.ScrumHub.rest.TaskCtrl.getTask(int)
2018-01-28 15:34:49.295  INFO Danny --- [  restartedMain] s.w.s.m.m.a.RequestMappingHandlerMapping : Mapped "{[/task/create],methods=[POST]}" onto public org.springframework.http.ResponseEntity<com.revature.ScrumHub.bean.Task> com.revature.ScrumHub.rest.TaskCtrl.createTask(com.revature.ScrumHub.bean.Task)
2018-01-28 15:34:49.295  INFO Danny --- [  restartedMain] s.w.s.m.m.a.RequestMappingHandlerMapping : Mapped "{[/task/update],methods=[POST]}" onto public org.springframework.http.ResponseEntity<com.revature.ScrumHub.bean.Task> com.revature.ScrumHub.rest.TaskCtrl.updateTask(com.revature.ScrumHub.bean.Task)
2018-01-28 15:34:49.295  INFO Danny --- [  restartedMain] s.w.s.m.m.a.RequestMappingHandlerMapping : Mapped "{[/task/delete],methods=[POST]}" onto public org.springframework.http.ResponseEntity<com.revature.ScrumHub.bean.Task> com.revature.ScrumHub.rest.TaskCtrl.deleteTask(com.revature.ScrumHub.bean.Task)
2018-01-28 15:34:49.295  INFO Danny --- [  restartedMain] s.w.s.m.m.a.RequestMappingHandlerMapping : Mapped "{[/error]}" onto public org.springframework.http.ResponseEntity<java.util.Map<java.lang.String, java.lang.Object>> org.springframework.boot.autoconfigure.web.BasicErrorController.error(javax.servlet.http.HttpServletRequest)
2018-01-28 15:34:49.295  INFO Danny --- [  restartedMain] s.w.s.m.m.a.RequestMappingHandlerMapping : Mapped "{[/error],produces=[text/html]}" onto public org.springframework.web.servlet.ModelAndView org.springframework.boot.autoconfigure.web.BasicErrorController.errorHtml(javax.servlet.http.HttpServletRequest,javax.servlet.http.HttpServletResponse)
2018-01-28 15:34:49.326  INFO Danny --- [  restartedMain] o.s.w.s.h.SimpleUrlHandlerMapping        : Mapped URL path [/webjars/**] onto handler of type [class org.springframework.web.servlet.resource.ResourceHttpRequestHandler]
2018-01-28 15:34:49.326  INFO Danny --- [  restartedMain] o.s.w.s.h.SimpleUrlHandlerMapping        : Mapped URL path [/**] onto handler of type [class org.springframework.web.servlet.resource.ResourceHttpRequestHandler]
2018-01-28 15:34:49.358  INFO Danny --- [  restartedMain] o.s.w.s.h.SimpleUrlHandlerMapping        : Mapped URL path [/**/favicon.ico] onto handler of type [class org.springframework.web.servlet.resource.ResourceHttpRequestHandler]
2018-01-28 15:34:49.404  INFO Danny --- [  restartedMain] oConfiguration$WelcomePageHandlerMapping : Adding welcome page: ServletContext resource [/index.html]
2018-01-28 15:34:49.686  INFO Danny --- [  restartedMain] o.s.b.a.e.m.EndpointHandlerMapping       : Mapped "{[/loggers/{name:.*}],methods=[GET],produces=[application/vnd.spring-boot.actuator.v1+json || application/json]}" onto public java.lang.Object org.springframework.boot.actuate.endpoint.mvc.LoggersMvcEndpoint.get(java.lang.String)
2018-01-28 15:34:49.686  INFO Danny --- [  restartedMain] o.s.b.a.e.m.EndpointHandlerMapping       : Mapped "{[/loggers/{name:.*}],methods=[POST],consumes=[application/vnd.spring-boot.actuator.v1+json || application/json],produces=[application/vnd.spring-boot.actuator.v1+json || application/json]}" onto public java.lang.Object org.springframework.boot.actuate.endpoint.mvc.LoggersMvcEndpoint.set(java.lang.String,java.util.Map<java.lang.String, java.lang.String>)
2018-01-28 15:34:49.686  INFO Danny --- [  restartedMain] o.s.b.a.e.m.EndpointHandlerMapping       : Mapped "{[/loggers || /loggers.json],methods=[GET],produces=[application/vnd.spring-boot.actuator.v1+json || application/json]}" onto public java.lang.Object org.springframework.boot.actuate.endpoint.mvc.EndpointMvcAdapter.invoke()
2018-01-28 15:34:49.686  INFO Danny --- [  restartedMain] o.s.b.a.e.m.EndpointHandlerMapping       : Mapped "{[/dump || /dump.json],methods=[GET],produces=[application/vnd.spring-boot.actuator.v1+json || application/json]}" onto public java.lang.Object org.springframework.boot.actuate.endpoint.mvc.EndpointMvcAdapter.invoke()
2018-01-28 15:34:49.686  INFO Danny --- [  restartedMain] o.s.b.a.e.m.EndpointHandlerMapping       : Mapped "{[/env/{name:.*}],methods=[GET],produces=[application/vnd.spring-boot.actuator.v1+json || application/json]}" onto public java.lang.Object org.springframework.boot.actuate.endpoint.mvc.EnvironmentMvcEndpoint.value(java.lang.String)
2018-01-28 15:34:49.686  INFO Danny --- [  restartedMain] o.s.b.a.e.m.EndpointHandlerMapping       : Mapped "{[/env || /env.json],methods=[GET],produces=[application/vnd.spring-boot.actuator.v1+json || application/json]}" onto public java.lang.Object org.springframework.boot.actuate.endpoint.mvc.EndpointMvcAdapter.invoke()
2018-01-28 15:34:49.686  INFO Danny --- [  restartedMain] o.s.b.a.e.m.EndpointHandlerMapping       : Mapped "{[/heapdump || /heapdump.json],methods=[GET],produces=[application/octet-stream]}" onto public void org.springframework.boot.actuate.endpoint.mvc.HeapdumpMvcEndpoint.invoke(boolean,javax.servlet.http.HttpServletRequest,javax.servlet.http.HttpServletResponse) throws java.io.IOException,javax.servlet.ServletException
2018-01-28 15:34:49.686  INFO Danny --- [  restartedMain] o.s.b.a.e.m.EndpointHandlerMapping       : Mapped "{[/autoconfig || /autoconfig.json],methods=[GET],produces=[application/vnd.spring-boot.actuator.v1+json || application/json]}" onto public java.lang.Object org.springframework.boot.actuate.endpoint.mvc.EndpointMvcAdapter.invoke()
2018-01-28 15:34:49.686  INFO Danny --- [  restartedMain] o.s.b.a.e.m.EndpointHandlerMapping       : Mapped "{[/info || /info.json],methods=[GET],produces=[application/vnd.spring-boot.actuator.v1+json || application/json]}" onto public java.lang.Object org.springframework.boot.actuate.endpoint.mvc.EndpointMvcAdapter.invoke()
2018-01-28 15:34:49.686  INFO Danny --- [  restartedMain] o.s.b.a.e.m.EndpointHandlerMapping       : Mapped "{[/configprops || /configprops.json],methods=[GET],produces=[application/vnd.spring-boot.actuator.v1+json || application/json]}" onto public java.lang.Object org.springframework.boot.actuate.endpoint.mvc.EndpointMvcAdapter.invoke()
2018-01-28 15:34:49.686  INFO Danny --- [  restartedMain] o.s.b.a.e.m.EndpointHandlerMapping       : Mapped "{[/beans || /beans.json],methods=[GET],produces=[application/vnd.spring-boot.actuator.v1+json || application/json]}" onto public java.lang.Object org.springframework.boot.actuate.endpoint.mvc.EndpointMvcAdapter.invoke()
2018-01-28 15:34:49.686  INFO Danny --- [  restartedMain] o.s.b.a.e.m.EndpointHandlerMapping       : Mapped "{[/trace || /trace.json],methods=[GET],produces=[application/vnd.spring-boot.actuator.v1+json || application/json]}" onto public java.lang.Object org.springframework.boot.actuate.endpoint.mvc.EndpointMvcAdapter.invoke()
2018-01-28 15:34:49.686  INFO Danny --- [  restartedMain] o.s.b.a.e.m.EndpointHandlerMapping       : Mapped "{[/mappings || /mappings.json],methods=[GET],produces=[application/vnd.spring-boot.actuator.v1+json || application/json]}" onto public java.lang.Object org.springframework.boot.actuate.endpoint.mvc.EndpointMvcAdapter.invoke()
2018-01-28 15:34:49.686  INFO Danny --- [  restartedMain] o.s.b.a.e.m.EndpointHandlerMapping       : Mapped "{[/metrics/{name:.*}],methods=[GET],produces=[application/vnd.spring-boot.actuator.v1+json || application/json]}" onto public java.lang.Object org.springframework.boot.actuate.endpoint.mvc.MetricsMvcEndpoint.value(java.lang.String)
2018-01-28 15:34:49.686  INFO Danny --- [  restartedMain] o.s.b.a.e.m.EndpointHandlerMapping       : Mapped "{[/metrics || /metrics.json],methods=[GET],produces=[application/vnd.spring-boot.actuator.v1+json || application/json]}" onto public java.lang.Object org.springframework.boot.actuate.endpoint.mvc.EndpointMvcAdapter.invoke()
2018-01-28 15:34:49.686  INFO Danny --- [  restartedMain] o.s.b.a.e.m.EndpointHandlerMapping       : Mapped "{[/auditevents || /auditevents.json],methods=[GET],produces=[application/vnd.spring-boot.actuator.v1+json || application/json]}" onto public org.springframework.http.ResponseEntity<?> org.springframework.boot.actuate.endpoint.mvc.AuditEventsMvcEndpoint.findByPrincipalAndAfterAndType(java.lang.String,java.util.Date,java.lang.String)
2018-01-28 15:34:49.686  INFO Danny --- [  restartedMain] o.s.b.a.e.m.EndpointHandlerMapping       : Mapped "{[/health || /health.json],methods=[GET],produces=[application/vnd.spring-boot.actuator.v1+json || application/json]}" onto public java.lang.Object org.springframework.boot.actuate.endpoint.mvc.HealthMvcEndpoint.invoke(javax.servlet.http.HttpServletRequest,java.security.Principal)
2018-01-28 15:34:49.842  INFO Danny --- [  restartedMain] o.s.b.d.a.OptionalLiveReloadServer       : LiveReload server is running on port 35729
2018-01-28 15:34:49.889  INFO Danny --- [  restartedMain] o.s.j.e.a.AnnotationMBeanExporter        : Registering beans for JMX exposure on startup
2018-01-28 15:34:49.889  INFO Danny --- [  restartedMain] o.s.b.a.e.j.EndpointMBeanExporter        : Registering beans for JMX exposure on startup
2018-01-28 15:34:49.904  INFO Danny --- [  restartedMain] o.s.c.s.DefaultLifecycleProcessor        : Starting beans in phase 0
2018-01-28 15:34:49.904  INFO Danny --- [  restartedMain] o.s.b.a.e.j.EndpointMBeanExporter        : Located managed bean 'auditEventsEndpoint': registering with JMX server as MBean [org.springframework.boot:type=Endpoint,name=auditEventsEndpoint]
2018-01-28 15:34:49.920  INFO Danny --- [  restartedMain] o.s.b.a.e.j.EndpointMBeanExporter        : Located managed bean 'requestMappingEndpoint': registering with JMX server as MBean [org.springframework.boot:type=Endpoint,name=requestMappingEndpoint]
2018-01-28 15:34:49.920  INFO Danny --- [  restartedMain] o.s.b.a.e.j.EndpointMBeanExporter        : Located managed bean 'environmentEndpoint': registering with JMX server as MBean [org.springframework.boot:type=Endpoint,name=environmentEndpoint]
2018-01-28 15:34:49.920  INFO Danny --- [  restartedMain] o.s.b.a.e.j.EndpointMBeanExporter        : Located managed bean 'healthEndpoint': registering with JMX server as MBean [org.springframework.boot:type=Endpoint,name=healthEndpoint]
2018-01-28 15:34:49.936  INFO Danny --- [  restartedMain] o.s.b.a.e.j.EndpointMBeanExporter        : Located managed bean 'beansEndpoint': registering with JMX server as MBean [org.springframework.boot:type=Endpoint,name=beansEndpoint]
2018-01-28 15:34:49.936  INFO Danny --- [  restartedMain] o.s.b.a.e.j.EndpointMBeanExporter        : Located managed bean 'infoEndpoint': registering with JMX server as MBean [org.springframework.boot:type=Endpoint,name=infoEndpoint]
2018-01-28 15:34:49.936  INFO Danny --- [  restartedMain] o.s.b.a.e.j.EndpointMBeanExporter        : Located managed bean 'loggersEndpoint': registering with JMX server as MBean [org.springframework.boot:type=Endpoint,name=loggersEndpoint]
2018-01-28 15:34:49.936  INFO Danny --- [  restartedMain] o.s.b.a.e.j.EndpointMBeanExporter        : Located managed bean 'metricsEndpoint': registering with JMX server as MBean [org.springframework.boot:type=Endpoint,name=metricsEndpoint]
2018-01-28 15:34:49.936  INFO Danny --- [  restartedMain] o.s.b.a.e.j.EndpointMBeanExporter        : Located managed bean 'traceEndpoint': registering with JMX server as MBean [org.springframework.boot:type=Endpoint,name=traceEndpoint]
2018-01-28 15:34:49.936  INFO Danny --- [  restartedMain] o.s.b.a.e.j.EndpointMBeanExporter        : Located managed bean 'dumpEndpoint': registering with JMX server as MBean [org.springframework.boot:type=Endpoint,name=dumpEndpoint]
2018-01-28 15:34:49.936  INFO Danny --- [  restartedMain] o.s.b.a.e.j.EndpointMBeanExporter        : Located managed bean 'autoConfigurationReportEndpoint': registering with JMX server as MBean [org.springframework.boot:type=Endpoint,name=autoConfigurationReportEndpoint]
2018-01-28 15:34:49.951  INFO Danny --- [  restartedMain] o.s.b.a.e.j.EndpointMBeanExporter        : Located managed bean 'configurationPropertiesReportEndpoint': registering with JMX server as MBean [org.springframework.boot:type=Endpoint,name=configurationPropertiesReportEndpoint]
2018-01-28 15:34:49.967  INFO Danny --- [  restartedMain] o.a.c.h.Http11NioProtocol                : Initializing ProtocolHandler ["http-nio-8090"]
2018-01-28 15:34:49.983  INFO Danny --- [  restartedMain] o.a.c.h.Http11NioProtocol                : Starting ProtocolHandler ["http-nio-8090"]
2018-01-28 15:34:50.029  INFO Danny --- [  restartedMain] o.a.t.u.n.NioSelectorPool                : Using a shared selector for servlet write/read
2018-01-28 15:34:50.045  INFO Danny --- [  restartedMain] s.b.c.e.t.TomcatEmbeddedServletContainer : Tomcat started on port(s): 8090 (http)
2018-01-28 15:34:50.061  INFO Danny --- [  restartedMain] c.r.S.ScrumHubApplication                : Started ScrumHubApplication in 11.455 seconds (JVM running for 12.636)
2018-01-28 15:35:22.169  INFO Danny --- [nio-8090-exec-1] o.a.c.c.C.[.[.[/scrumhub/api]            : Initializing Spring FrameworkServlet 'dispatcherServlet'
2018-01-28 15:35:22.170  INFO Danny --- [nio-8090-exec-1] o.s.w.s.DispatcherServlet                : FrameworkServlet 'dispatcherServlet': initialization started
2018-01-28 15:35:22.212  INFO Danny --- [nio-8090-exec-1] o.s.w.s.DispatcherServlet                : FrameworkServlet 'dispatcherServlet': initialization completed in 42 ms
